<?xml version="1.0" encoding="UTF-8"?>
<!-- Generated by org.testng.reporters.JUnitReportReporter -->
<testsuite skipped="0" hostname="INM1Y72VUJG5J" name="MyRunner.SafariTestRunner" tests="1" failures="0" timestamp="2020-09-17T21:35:55 IST" time="24.195" errors="0">
  <testcase name="feature" time="24.195" classname="MyRunner.SafariTestRunner"/>
  <system-out>
Method: Open browser and start EaseMyTrip  
Safari is opening  
Page Titile is as expected   
 Method : user_enter_source_and_destination_and_Departure_date Scurce City :Delhi Destination City :Pune Departure Date :01/11/2020 Method:user_click_on_Search_button user clicked on Search button Method: validate_user_is_in_FLightbooking_page User in on Flight Booking Page  
 book fastest and cheapest flight Fight going to book of time : 4 validate right flight is selected for booking Tab Change Journey Route : new delhi → pune
                                            
                                            
                                                
                                                    
                                                    
                                                        sunday 01 nov 2020 Journey Date : Sunday 01 Nov 2020 Journey Time : 04:45 Test Case Run Successfully  </system-out>
</testsuite> <!-- MyRunner.SafariTestRunner -->
